# JRE version: Java(TM) SE Runtime Environment (7.0_60-b19) (build 1.7.0_60-b19)
# Java VM: Java HotSpot(TM) 64-Bit Server VM (24.60-b09 mixed mode windows-amd64 compressed oops)
Heap
 PSYoungGen      total 145408K, used 33428K [0x00000007d5e80000, 0x00000007e0080000, 0x0000000800000000)
  eden space 131072K, 15% used [0x00000007d5e80000,0x00000007d723aa98,0x00000007dde80000)
  from space 14336K, 92% used [0x00000007dee80000,0x00000007dfb6a5e8,0x00000007dfc80000)
  to   space 16384K, 0% used [0x00000007dde80000,0x00000007dde80000,0x00000007dee80000)
 ParOldGen       total 86016K, used 15164K [0x0000000781c00000, 0x0000000787000000, 0x00000007d5e80000)
  object space 86016K, 17% used [0x0000000781c00000,0x0000000782acf2c0,0x0000000787000000)
 PSPermGen       total 21504K, used 18479K [0x000000077ca00000, 0x000000077df00000, 0x0000000781c00000)
  object space 21504K, 85% used [0x000000077ca00000,0x000000077dc0bdc8,0x000000077df00000)
GC Heap History (10 events):
Event: 0.430 GC heap before
{Heap before GC invocations=2 (full 0):
 PSYoungGen      total 38400K, used 37858K [0x00000007d5e80000, 0x00000007d8900000, 0x0000000800000000)
  eden space 33280K, 99% used [0x00000007d5e80000,0x00000007d7ef90b8,0x00000007d7f00000)
  from space 5120K, 89% used [0x00000007d7f00000,0x00000007d837f978,0x00000007d8400000)
  to   space 5120K, 0% used [0x00000007d8400000,0x00000007d8400000,0x00000007d8900000)
 ParOldGen       total 86016K, used 8K [0x0000000781c00000, 0x0000000787000000, 0x00000007d5e80000)
  object space 86016K, 0% used [0x0000000781c00000,0x0000000781c02000,0x0000000787000000)
 PSPermGen       total 21504K, used 4429K [0x000000077ca00000, 0x000000077df00000, 0x0000000781c00000)
  object space 21504K, 20% used [0x000000077ca00000,0x000000077ce536c8,0x000000077df00000)
Event: 0.432 GC heap after
Heap after GC invocations=2 (full 0):
 PSYoungGen      total 38400K, used 5100K [0x00000007d5e80000, 0x00000007da980000, 0x0000000800000000)
  eden space 33280K, 0% used [0x00000007d5e80000,0x00000007d5e80000,0x00000007d7f00000)
  from space 5120K, 99% used [0x00000007d8400000,0x00000007d88fb1e0,0x00000007d8900000)
  to   space 5120K, 0% used [0x00000007d7f00000,0x00000007d7f00000,0x00000007d8400000)
 ParOldGen       total 86016K, used 495K [0x0000000781c00000, 0x0000000787000000, 0x00000007d5e80000)
  object space 86016K, 0% used [0x0000000781c00000,0x0000000781c7be50,0x0000000787000000)
 PSPermGen       total 21504K, used 4429K [0x000000077ca00000, 0x000000077df00000, 0x0000000781c00000)
  object space 21504K, 20% used [0x000000077ca00000,0x000000077ce536c8,0x000000077df00000)
}
Event: 0.590 GC heap before
{Heap before GC invocations=3 (full 0):
 PSYoungGen      total 38400K, used 38380K [0x00000007d5e80000, 0x00000007da980000, 0x0000000800000000)
  eden space 33280K, 100% used [0x00000007d5e80000,0x00000007d7f00000,0x00000007d7f00000)
  from space 5120K, 99% used [0x00000007d8400000,0x00000007d88fb1e0,0x00000007d8900000)
  to   space 5120K, 0% used [0x00000007d7f00000,0x00000007d7f00000,0x00000007d8400000)
 ParOldGen       total 86016K, used 495K [0x0000000781c00000, 0x0000000787000000, 0x00000007d5e80000)
  object space 86016K, 0% used [0x0000000781c00000,0x0000000781c7be50,0x0000000787000000)
 PSPermGen       total 21504K, used 7115K [0x000000077ca00000, 0x000000077df00000, 0x0000000781c00000)
  object space 21504K, 33% used [0x000000077ca00000,0x000000077d0f2cb0,0x000000077df00000)
Event: 0.593 GC heap after
Heap after GC invocations=3 (full 0):
 PSYoungGen      total 38400K, used 5097K [0x00000007d5e80000, 0x00000007da980000, 0x0000000800000000)
  eden space 33280K, 0% used [0x00000007d5e80000,0x00000007d5e80000,0x00000007d7f00000)
  from space 5120K, 99% used [0x00000007d7f00000,0x00000007d83fa488,0x00000007d8400000)
  to   space 5120K, 0% used [0x00000007da480000,0x00000007da480000,0x00000007da980000)
 ParOldGen       total 86016K, used 1876K [0x0000000781c00000, 0x0000000787000000, 0x00000007d5e80000)
  object space 86016K, 2% used [0x0000000781c00000,0x0000000781dd5048,0x0000000787000000)
 PSPermGen       total 21504K, used 7115K [0x000000077ca00000, 0x000000077df00000, 0x0000000781c00000)
  object space 21504K, 33% used [0x000000077ca00000,0x000000077d0f2cb0,0x000000077df00000)
}
Event: 0.949 GC heap before
{Heap before GC invocations=4 (full 0):
 PSYoungGen      total 38400K, used 38377K [0x00000007d5e80000, 0x00000007da980000, 0x0000000800000000)
  eden space 33280K, 100% used [0x00000007d5e80000,0x00000007d7f00000,0x00000007d7f00000)
  from space 5120K, 99% used [0x00000007d7f00000,0x00000007d83fa488,0x00000007d8400000)
  to   space 5120K, 0% used [0x00000007da480000,0x00000007da480000,0x00000007da980000)
 ParOldGen       total 86016K, used 1876K [0x0000000781c00000, 0x0000000787000000, 0x00000007d5e80000)
  object space 86016K, 2% used [0x0000000781c00000,0x0000000781dd5048,0x0000000787000000)
 PSPermGen       total 21504K, used 12380K [0x000000077ca00000, 0x000000077df00000, 0x0000000781c00000)
  object space 21504K, 57% used [0x000000077ca00000,0x000000077d6170d0,0x000000077df00000)
Event: 0.955 GC heap after
Heap after GC invocations=4 (full 0):
 PSYoungGen      total 71680K, used 5098K [0x00000007d5e80000, 0x00000007da980000, 0x0000000800000000)
  eden space 66560K, 0% used [0x00000007d5e80000,0x00000007d5e80000,0x00000007d9f80000)
  from space 5120K, 99% used [0x00000007da480000,0x00000007da97a998,0x00000007da980000)
  to   space 5120K, 0% used [0x00000007d9f80000,0x00000007d9f80000,0x00000007da480000)
 ParOldGen       total 86016K, used 6307K [0x0000000781c00000, 0x0000000787000000, 0x00000007d5e80000)
  object space 86016K, 7% used [0x0000000781c00000,0x0000000782228dc0,0x0000000787000000)
 PSPermGen       total 21504K, used 12380K [0x000000077ca00000, 0x000000077df00000, 0x0000000781c00000)
  object space 21504K, 57% used [0x000000077ca00000,0x000000077d6170d0,0x000000077df00000)
}
Event: 9.392 GC heap before
{Heap before GC invocations=5 (full 0):
 PSYoungGen      total 71680K, used 71658K [0x00000007d5e80000, 0x00000007da980000, 0x0000000800000000)
  eden space 66560K, 100% used [0x00000007d5e80000,0x00000007d9f80000,0x00000007d9f80000)
  from space 5120K, 99% used [0x00000007da480000,0x00000007da97a998,0x00000007da980000)
  to   space 5120K, 0% used [0x00000007d9f80000,0x00000007d9f80000,0x00000007da480000)
 ParOldGen       total 86016K, used 6307K [0x0000000781c00000, 0x0000000787000000, 0x00000007d5e80000)
  object space 86016K, 7% used [0x0000000781c00000,0x0000000782228dc0,0x0000000787000000)
 PSPermGen       total 21504K, used 13217K [0x000000077ca00000, 0x000000077df00000, 0x0000000781c00000)
  object space 21504K, 61% used [0x000000077ca00000,0x000000077d6e8788,0x000000077df00000)
Event: 9.399 GC heap after
Heap after GC invocations=5 (full 0):
 PSYoungGen      total 71680K, used 5091K [0x00000007d5e80000, 0x00000007dfc80000, 0x0000000800000000)
  eden space 66560K, 0% used [0x00000007d5e80000,0x00000007d5e80000,0x00000007d9f80000)
  from space 5120K, 99% used [0x00000007d9f80000,0x00000007da478ce8,0x00000007da480000)
  to   space 14336K, 0% used [0x00000007dee80000,0x00000007dee80000,0x00000007dfc80000)
 ParOldGen       total 86016K, used 15164K [0x0000000781c00000, 0x0000000787000000, 0x00000007d5e80000)
  object space 86016K, 17% used [0x0000000781c00000,0x0000000782acf2c0,0x0000000787000000)
 PSPermGen       total 21504K, used 13217K [0x000000077ca00000, 0x000000077df00000, 0x0000000781c00000)
  object space 21504K, 61% used [0x000000077ca00000,0x000000077d6e8788,0x000000077df00000)
}
Event: 11.818 GC heap before
{Heap before GC invocations=6 (full 0):
 PSYoungGen      total 71680K, used 71651K [0x00000007d5e80000, 0x00000007dfc80000, 0x0000000800000000)
  eden space 66560K, 100% used [0x00000007d5e80000,0x00000007d9f80000,0x00000007d9f80000)
  from space 5120K, 99% used [0x00000007d9f80000,0x00000007da478ce8,0x00000007da480000)
  to   space 14336K, 0% used [0x00000007dee80000,0x00000007dee80000,0x00000007dfc80000)
 ParOldGen       total 86016K, used 15164K [0x0000000781c00000, 0x0000000787000000, 0x00000007d5e80000)
  object space 86016K, 17% used [0x0000000781c00000,0x0000000782acf2c0,0x0000000787000000)
 PSPermGen       total 21504K, used 16094K [0x000000077ca00000, 0x000000077df00000, 0x0000000781c00000)
  object space 21504K, 74% used [0x000000077ca00000,0x000000077d9b7900,0x000000077df00000)
Event: 11.825 GC heap after
Heap after GC invocations=6 (full 0):
 PSYoungGen      total 145408K, used 13225K [0x00000007d5e80000, 0x00000007e0080000, 0x0000000800000000)
  eden space 131072K, 0% used [0x00000007d5e80000,0x00000007d5e80000,0x00000007dde80000)
  from space 14336K, 92% used [0x00000007dee80000,0x00000007dfb6a5e8,0x00000007dfc80000)
  to   space 16384K, 0% used [0x00000007dde80000,0x00000007dde80000,0x00000007dee80000)
 ParOldGen       total 86016K, used 15164K [0x0000000781c00000, 0x0000000787000000, 0x00000007d5e80000)
  object space 86016K, 17% used [0x0000000781c00000,0x0000000782acf2c0,0x0000000787000000)
 PSPermGen       total 21504K, used 16094K [0x000000077ca00000, 0x000000077df00000, 0x0000000781c00000)
  object space 21504K, 74% used [0x000000077ca00000,0x000000077d9b7900,0x000000077df00000)
}

